<?xml version="1.0" encoding="UTF-8"?>
<testsuite xmlns:xsi="http://www.w3.org/2001/XMLSchema-instance" xsi:noNamespaceSchemaLocation="https://maven.apache.org/surefire/maven-surefire-plugin/xsd/surefire-test-report-3.0.xsd" version="3.0" name="TestSuite" time="31.004" tests="1" errors="0" skipped="0" failures="0">
  <properties>
    <property name="java.specification.version" value="21"/>
    <property name="sun.cpu.isalist" value="amd64"/>
    <property name="sun.jnu.encoding" value="Cp1252"/>
    <property name="java.class.path" value="G:\Selenium\WorkSpace\CICD\CICD Practice\target\test-classes;G:\Selenium\WorkSpace\CICD\CICD Practice\target\classes;C:\Users\Karthik Rajan\.m2\repository\junit\junit\4.13.2\junit-4.13.2.jar;C:\Users\Karthik Rajan\.m2\repository\org\hamcrest\hamcrest-core\1.3\hamcrest-core-1.3.jar;C:\Users\Karthik Rajan\.m2\repository\net\sourceforge\jexcelapi\jxl\2.6.12\jxl-2.6.12.jar;C:\Users\Karthik Rajan\.m2\repository\log4j\log4j\1.2.14\log4j-1.2.14.jar;C:\Users\Karthik Rajan\.m2\repository\io\appium\java-client\8.5.0\java-client-8.5.0.jar;C:\Users\Karthik Rajan\.m2\repository\org\seleniumhq\selenium\selenium-api\4.16.1\selenium-api-4.16.1.jar;C:\Users\Karthik Rajan\.m2\repository\org\seleniumhq\selenium\selenium-remote-driver\4.16.1\selenium-remote-driver-4.16.1.jar;C:\Users\Karthik Rajan\.m2\repository\com\google\auto\service\auto-service-annotations\1.1.1\auto-service-annotations-1.1.1.jar;C:\Users\Karthik Rajan\.m2\repository\io\opentelemetry\opentelemetry-api\1.28.0\opentelemetry-api-1.28.0.jar;C:\Users\Karthik Rajan\.m2\repository\io\opentelemetry\opentelemetry-context\1.28.0\opentelemetry-context-1.28.0.jar;C:\Users\Karthik Rajan\.m2\repository\io\opentelemetry\opentelemetry-exporter-logging\1.28.0\opentelemetry-exporter-logging-1.28.0.jar;C:\Users\Karthik Rajan\.m2\repository\io\opentelemetry\opentelemetry-sdk-metrics\1.28.0\opentelemetry-sdk-metrics-1.28.0.jar;C:\Users\Karthik Rajan\.m2\repository\io\opentelemetry\opentelemetry-extension-incubator\1.28.0-alpha\opentelemetry-extension-incubator-1.28.0-alpha.jar;C:\Users\Karthik Rajan\.m2\repository\io\opentelemetry\opentelemetry-sdk-logs\1.28.0\opentelemetry-sdk-logs-1.28.0.jar;C:\Users\Karthik Rajan\.m2\repository\io\opentelemetry\opentelemetry-sdk-common\1.28.0\opentelemetry-sdk-common-1.28.0.jar;C:\Users\Karthik Rajan\.m2\repository\io\opentelemetry\opentelemetry-sdk-extension-autoconfigure-spi\1.28.0\opentelemetry-sdk-extension-autoconfigure-spi-1.28.0.jar;C:\Users\Karthik Rajan\.m2\repository\io\opentelemetry\opentelemetry-sdk-extension-autoconfigure\1.28.0\opentelemetry-sdk-extension-autoconfigure-1.28.0.jar;C:\Users\Karthik Rajan\.m2\repository\io\opentelemetry\opentelemetry-api-events\1.28.0-alpha\opentelemetry-api-events-1.28.0-alpha.jar;C:\Users\Karthik Rajan\.m2\repository\io\opentelemetry\opentelemetry-sdk-trace\1.28.0\opentelemetry-sdk-trace-1.28.0.jar;C:\Users\Karthik Rajan\.m2\repository\io\opentelemetry\opentelemetry-sdk\1.28.0\opentelemetry-sdk-1.28.0.jar;C:\Users\Karthik Rajan\.m2\repository\io\opentelemetry\opentelemetry-semconv\1.28.0-alpha\opentelemetry-semconv-1.28.0-alpha.jar;C:\Users\Karthik Rajan\.m2\repository\net\bytebuddy\byte-buddy\1.14.5\byte-buddy-1.14.5.jar;C:\Users\Karthik Rajan\.m2\repository\org\seleniumhq\selenium\selenium-http\4.16.1\selenium-http-4.16.1.jar;C:\Users\Karthik Rajan\.m2\repository\dev\failsafe\failsafe\3.3.2\failsafe-3.3.2.jar;C:\Users\Karthik Rajan\.m2\repository\org\seleniumhq\selenium\selenium-json\4.16.1\selenium-json-4.16.1.jar;C:\Users\Karthik Rajan\.m2\repository\org\seleniumhq\selenium\selenium-manager\4.16.1\selenium-manager-4.16.1.jar;C:\Users\Karthik Rajan\.m2\repository\org\seleniumhq\selenium\selenium-os\4.16.1\selenium-os-4.16.1.jar;C:\Users\Karthik Rajan\.m2\repository\org\apache\commons\commons-exec\1.3\commons-exec-1.3.jar;C:\Users\Karthik Rajan\.m2\repository\org\seleniumhq\selenium\selenium-support\4.16.1\selenium-support-4.16.1.jar;C:\Users\Karthik Rajan\.m2\repository\com\google\code\gson\gson\2.10.1\gson-2.10.1.jar;C:\Users\Karthik Rajan\.m2\repository\cglib\cglib\3.3.0\cglib-3.3.0.jar;C:\Users\Karthik Rajan\.m2\repository\org\ow2\asm\asm\7.1\asm-7.1.jar;C:\Users\Karthik Rajan\.m2\repository\javax\mail\mail\1.5.0-b01\mail-1.5.0-b01.jar;C:\Users\Karthik Rajan\.m2\repository\javax\activation\activation\1.1.1\activation-1.1.1.jar;C:\Users\Karthik Rajan\.m2\repository\io\github\bonigarcia\webdrivermanager\5.5.3\webdrivermanager-5.5.3.jar;C:\Users\Karthik Rajan\.m2\repository\com\github\docker-java\docker-java\3.3.3\docker-java-3.3.3.jar;C:\Users\Karthik Rajan\.m2\repository\com\github\docker-java\docker-java-core\3.3.3\docker-java-core-3.3.3.jar;C:\Users\Karthik Rajan\.m2\repository\com\github\docker-java\docker-java-api\3.3.3\docker-java-api-3.3.3.jar;C:\Users\Karthik Rajan\.m2\repository\org\bouncycastle\bcpkix-jdk18on\1.75\bcpkix-jdk18on-1.75.jar;C:\Users\Karthik Rajan\.m2\repository\org\bouncycastle\bcprov-jdk18on\1.75\bcprov-jdk18on-1.75.jar;C:\Users\Karthik Rajan\.m2\repository\org\bouncycastle\bcutil-jdk18on\1.75\bcutil-jdk18on-1.75.jar;C:\Users\Karthik Rajan\.m2\repository\org\slf4j\jcl-over-slf4j\1.7.30\jcl-over-slf4j-1.7.30.jar;C:\Users\Karthik Rajan\.m2\repository\com\github\docker-java\docker-java-transport-httpclient5\3.3.3\docker-java-transport-httpclient5-3.3.3.jar;C:\Users\Karthik Rajan\.m2\repository\com\github\docker-java\docker-java-transport\3.3.3\docker-java-transport-3.3.3.jar;C:\Users\Karthik Rajan\.m2\repository\net\java\dev\jna\jna\5.12.1\jna-5.12.1.jar;C:\Users\Karthik Rajan\.m2\repository\org\brotli\dec\0.1.2\dec-0.1.2.jar;C:\Users\Karthik Rajan\.m2\repository\org\apache\httpcomponents\client5\httpclient5\5.2.1\httpclient5-5.2.1.jar;C:\Users\Karthik Rajan\.m2\repository\org\apache\httpcomponents\core5\httpcore5\5.2\httpcore5-5.2.jar;C:\Users\Karthik Rajan\.m2\repository\org\apache\httpcomponents\core5\httpcore5-h2\5.2\httpcore5-h2-5.2.jar;C:\Users\Karthik Rajan\.m2\repository\io\cucumber\cucumber-java\7.14.0\cucumber-java-7.14.0.jar;C:\Users\Karthik Rajan\.m2\repository\io\cucumber\cucumber-core\7.14.0\cucumber-core-7.14.0.jar;C:\Users\Karthik Rajan\.m2\repository\io\cucumber\cucumber-gherkin\7.14.0\cucumber-gherkin-7.14.0.jar;C:\Users\Karthik Rajan\.m2\repository\io\cucumber\cucumber-gherkin-messages\7.14.0\cucumber-gherkin-messages-7.14.0.jar;C:\Users\Karthik Rajan\.m2\repository\io\cucumber\gherkin\26.2.0\gherkin-26.2.0.jar;C:\Users\Karthik Rajan\.m2\repository\io\cucumber\messages\22.0.0\messages-22.0.0.jar;C:\Users\Karthik Rajan\.m2\repository\io\cucumber\tag-expressions\5.0.6\tag-expressions-5.0.6.jar;C:\Users\Karthik Rajan\.m2\repository\io\cucumber\cucumber-expressions\16.1.2\cucumber-expressions-16.1.2.jar;C:\Users\Karthik Rajan\.m2\repository\io\cucumber\datatable\7.14.0\datatable-7.14.0.jar;C:\Users\Karthik Rajan\.m2\repository\io\cucumber\cucumber-plugin\7.14.0\cucumber-plugin-7.14.0.jar;C:\Users\Karthik Rajan\.m2\repository\io\cucumber\docstring\7.14.0\docstring-7.14.0.jar;C:\Users\Karthik Rajan\.m2\repository\io\cucumber\html-formatter\20.4.0\html-formatter-20.4.0.jar;C:\Users\Karthik Rajan\.m2\repository\io\cucumber\junit-xml-formatter\0.2.0\junit-xml-formatter-0.2.0.jar;C:\Users\Karthik Rajan\.m2\repository\io\cucumber\ci-environment\9.2.0\ci-environment-9.2.0.jar;C:\Users\Karthik Rajan\.m2\repository\org\apiguardian\apiguardian-api\1.1.2\apiguardian-api-1.1.2.jar;C:\Users\Karthik Rajan\.m2\repository\com\aventstack\extentreports\5.1.0\extentreports-5.1.0.jar;C:\Users\Karthik Rajan\.m2\repository\io\reactivex\rxjava3\rxjava\3.1.6\rxjava-3.1.6.jar;C:\Users\Karthik Rajan\.m2\repository\org\reactivestreams\reactive-streams\1.0.4\reactive-streams-1.0.4.jar;C:\Users\Karthik Rajan\.m2\repository\org\freemarker\freemarker\2.3.32\freemarker-2.3.32.jar;C:\Users\Karthik Rajan\.m2\repository\org\testng\testng\7.8.0\testng-7.8.0.jar;C:\Users\Karthik Rajan\.m2\repository\com\beust\jcommander\1.82\jcommander-1.82.jar;C:\Users\Karthik Rajan\.m2\repository\org\webjars\jquery\3.6.1\jquery-3.6.1.jar;C:\Users\Karthik Rajan\.m2\repository\io\cucumber\cucumber-testng\7.14.0\cucumber-testng-7.14.0.jar;C:\Users\Karthik Rajan\.m2\repository\org\seleniumhq\selenium\selenium-java\4.16.0\selenium-java-4.16.0.jar;C:\Users\Karthik Rajan\.m2\repository\org\seleniumhq\selenium\selenium-chrome-driver\4.16.0\selenium-chrome-driver-4.16.0.jar;C:\Users\Karthik Rajan\.m2\repository\org\seleniumhq\selenium\selenium-chromium-driver\4.16.0\selenium-chromium-driver-4.16.0.jar;C:\Users\Karthik Rajan\.m2\repository\org\seleniumhq\selenium\selenium-devtools-v118\4.16.0\selenium-devtools-v118-4.16.0.jar;C:\Users\Karthik Rajan\.m2\repository\org\seleniumhq\selenium\selenium-devtools-v119\4.16.0\selenium-devtools-v119-4.16.0.jar;C:\Users\Karthik Rajan\.m2\repository\org\seleniumhq\selenium\selenium-devtools-v120\4.16.0\selenium-devtools-v120-4.16.0.jar;C:\Users\Karthik Rajan\.m2\repository\org\seleniumhq\selenium\selenium-devtools-v85\4.16.0\selenium-devtools-v85-4.16.0.jar;C:\Users\Karthik Rajan\.m2\repository\org\seleniumhq\selenium\selenium-edge-driver\4.16.0\selenium-edge-driver-4.16.0.jar;C:\Users\Karthik Rajan\.m2\repository\org\seleniumhq\selenium\selenium-firefox-driver\4.16.0\selenium-firefox-driver-4.16.0.jar;C:\Users\Karthik Rajan\.m2\repository\org\seleniumhq\selenium\selenium-ie-driver\4.16.0\selenium-ie-driver-4.16.0.jar;C:\Users\Karthik Rajan\.m2\repository\org\seleniumhq\selenium\selenium-safari-driver\4.16.0\selenium-safari-driver-4.16.0.jar;C:\Users\Karthik Rajan\.m2\repository\com\opencsv\opencsv\5.8\opencsv-5.8.jar;C:\Users\Karthik Rajan\.m2\repository\org\apache\commons\commons-text\1.10.0\commons-text-1.10.0.jar;C:\Users\Karthik Rajan\.m2\repository\commons-beanutils\commons-beanutils\1.9.4\commons-beanutils-1.9.4.jar;C:\Users\Karthik Rajan\.m2\repository\org\apache\poi\poi\5.2.5\poi-5.2.5.jar;C:\Users\Karthik Rajan\.m2\repository\commons-codec\commons-codec\1.16.0\commons-codec-1.16.0.jar;C:\Users\Karthik Rajan\.m2\repository\org\apache\commons\commons-math3\3.6.1\commons-math3-3.6.1.jar;C:\Users\Karthik Rajan\.m2\repository\com\zaxxer\SparseBitSet\1.3\SparseBitSet-1.3.jar;C:\Users\Karthik Rajan\.m2\repository\org\apache\poi\poi-ooxml\5.2.3\poi-ooxml-5.2.3.jar;C:\Users\Karthik Rajan\.m2\repository\org\apache\poi\poi-ooxml-lite\5.2.3\poi-ooxml-lite-5.2.3.jar;C:\Users\Karthik Rajan\.m2\repository\org\apache\xmlbeans\xmlbeans\5.1.1\xmlbeans-5.1.1.jar;C:\Users\Karthik Rajan\.m2\repository\org\apache\commons\commons-compress\1.21\commons-compress-1.21.jar;C:\Users\Karthik Rajan\.m2\repository\com\github\virtuald\curvesapi\1.07\curvesapi-1.07.jar;C:\Users\Karthik Rajan\.m2\repository\org\apache\commons\commons-lang3\3.14.0\commons-lang3-3.14.0.jar;C:\Users\Karthik Rajan\.m2\repository\org\apache\commons\commons-collections4\4.4\commons-collections4-4.4.jar;C:\Users\Karthik Rajan\.m2\repository\commons-validator\commons-validator\1.7\commons-validator-1.7.jar;C:\Users\Karthik Rajan\.m2\repository\commons-digester\commons-digester\2.1\commons-digester-2.1.jar;C:\Users\Karthik Rajan\.m2\repository\commons-logging\commons-logging\1.2\commons-logging-1.2.jar;C:\Users\Karthik Rajan\.m2\repository\commons-collections\commons-collections\3.2.2\commons-collections-3.2.2.jar;C:\Users\Karthik Rajan\.m2\repository\commons-io\commons-io\2.14.0\commons-io-2.14.0.jar;C:\Users\Karthik Rajan\.m2\repository\org\slf4j\slf4j-api\2.1.0-alpha1\slf4j-api-2.1.0-alpha1.jar;C:\Users\Karthik Rajan\.m2\repository\org\slf4j\slf4j-simple\2.1.0-alpha1\slf4j-simple-2.1.0-alpha1.jar;C:\Users\Karthik Rajan\.m2\repository\org\apache\logging\log4j\log4j-core\3.0.0-beta1\log4j-core-3.0.0-beta1.jar;C:\Users\Karthik Rajan\.m2\repository\org\apache\logging\log4j\log4j-plugins\3.0.0-beta1\log4j-plugins-3.0.0-beta1.jar;C:\Users\Karthik Rajan\.m2\repository\org\apache\logging\log4j\log4j-api\3.0.0-beta1\log4j-api-3.0.0-beta1.jar;C:\Users\Karthik Rajan\.m2\repository\com\assertthat\selenium-shutterbug\1.6\selenium-shutterbug-1.6.jar;C:\Users\Karthik Rajan\.m2\repository\com\github\zafarkhaja\java-semver\0.9.0\java-semver-0.9.0.jar;C:\Users\Karthik Rajan\.m2\repository\io\rest-assured\rest-assured\5.3.0\rest-assured-5.3.0.jar;C:\Users\Karthik Rajan\.m2\repository\org\apache\groovy\groovy\4.0.6\groovy-4.0.6.jar;C:\Users\Karthik Rajan\.m2\repository\org\apache\groovy\groovy-xml\4.0.6\groovy-xml-4.0.6.jar;C:\Users\Karthik Rajan\.m2\repository\org\apache\httpcomponents\httpclient\4.5.13\httpclient-4.5.13.jar;C:\Users\Karthik Rajan\.m2\repository\org\apache\httpcomponents\httpcore\4.4.13\httpcore-4.4.13.jar;C:\Users\Karthik Rajan\.m2\repository\org\apache\httpcomponents\httpmime\4.5.13\httpmime-4.5.13.jar;C:\Users\Karthik Rajan\.m2\repository\org\hamcrest\hamcrest\2.1\hamcrest-2.1.jar;C:\Users\Karthik Rajan\.m2\repository\org\ccil\cowan\tagsoup\tagsoup\1.2.1\tagsoup-1.2.1.jar;C:\Users\Karthik Rajan\.m2\repository\io\rest-assured\xml-path\5.3.0\xml-path-5.3.0.jar;C:\Users\Karthik Rajan\.m2\repository\org\projectlombok\lombok\1.18.26\lombok-1.18.26.jar;C:\Users\Karthik Rajan\.m2\repository\io\rest-assured\json-schema-validator\5.3.0\json-schema-validator-5.3.0.jar;C:\Users\Karthik Rajan\.m2\repository\com\github\java-json-tools\json-schema-validator\2.2.14\json-schema-validator-2.2.14.jar;C:\Users\Karthik Rajan\.m2\repository\com\github\java-json-tools\jackson-coreutils-equivalence\1.0\jackson-coreutils-equivalence-1.0.jar;C:\Users\Karthik Rajan\.m2\repository\com\github\java-json-tools\jackson-coreutils\2.0\jackson-coreutils-2.0.jar;C:\Users\Karthik Rajan\.m2\repository\com\github\java-json-tools\msg-simple\1.2\msg-simple-1.2.jar;C:\Users\Karthik Rajan\.m2\repository\com\github\java-json-tools\btf\1.3\btf-1.3.jar;C:\Users\Karthik Rajan\.m2\repository\com\github\java-json-tools\json-schema-core\1.2.14\json-schema-core-1.2.14.jar;C:\Users\Karthik Rajan\.m2\repository\com\github\java-json-tools\uri-template\0.10\uri-template-0.10.jar;C:\Users\Karthik Rajan\.m2\repository\org\mozilla\rhino\1.7.7.2\rhino-1.7.7.2.jar;C:\Users\Karthik Rajan\.m2\repository\com\sun\mail\mailapi\1.6.2\mailapi-1.6.2.jar;C:\Users\Karthik Rajan\.m2\repository\joda-time\joda-time\2.10.5\joda-time-2.10.5.jar;C:\Users\Karthik Rajan\.m2\repository\com\googlecode\libphonenumber\libphonenumber\8.11.1\libphonenumber-8.11.1.jar;C:\Users\Karthik Rajan\.m2\repository\net\sf\jopt-simple\jopt-simple\5.0.4\jopt-simple-5.0.4.jar;C:\Users\Karthik Rajan\.m2\repository\io\rest-assured\json-path\5.3.0\json-path-5.3.0.jar;C:\Users\Karthik Rajan\.m2\repository\org\apache\groovy\groovy-json\4.0.6\groovy-json-4.0.6.jar;C:\Users\Karthik Rajan\.m2\repository\io\rest-assured\rest-assured-common\5.3.0\rest-assured-common-5.3.0.jar;C:\Users\Karthik Rajan\.m2\repository\com\googlecode\json-simple\json-simple\1.1.1\json-simple-1.1.1.jar;C:\Users\Karthik Rajan\.m2\repository\org\json\json\20220924\json-20220924.jar;C:\Users\Karthik Rajan\.m2\repository\com\google\guava\guava\32.1.2-jre\guava-32.1.2-jre.jar;C:\Users\Karthik Rajan\.m2\repository\com\google\guava\failureaccess\1.0.1\failureaccess-1.0.1.jar;C:\Users\Karthik Rajan\.m2\repository\com\google\guava\listenablefuture\9999.0-empty-to-avoid-conflict-with-guava\listenablefuture-9999.0-empty-to-avoid-conflict-with-guava.jar;C:\Users\Karthik Rajan\.m2\repository\com\google\code\findbugs\jsr305\3.0.2\jsr305-3.0.2.jar;C:\Users\Karthik Rajan\.m2\repository\org\checkerframework\checker-qual\3.33.0\checker-qual-3.33.0.jar;C:\Users\Karthik Rajan\.m2\repository\com\google\errorprone\error_prone_annotations\2.18.0\error_prone_annotations-2.18.0.jar;C:\Users\Karthik Rajan\.m2\repository\com\google\j2objc\j2objc-annotations\2.8\j2objc-annotations-2.8.jar;C:\Users\Karthik Rajan\.m2\repository\com\fasterxml\jackson\core\jackson-databind\2.14.2\jackson-databind-2.14.2.jar;C:\Users\Karthik Rajan\.m2\repository\com\fasterxml\jackson\core\jackson-annotations\2.14.2\jackson-annotations-2.14.2.jar;C:\Users\Karthik Rajan\.m2\repository\com\fasterxml\jackson\core\jackson-core\2.14.2\jackson-core-2.14.2.jar;C:\Users\Karthik Rajan\.m2\repository\com\jayway\jsonpath\json-path\2.7.0\json-path-2.7.0.jar;C:\Users\Karthik Rajan\.m2\repository\net\minidev\json-smart\2.4.7\json-smart-2.4.7.jar;C:\Users\Karthik Rajan\.m2\repository\net\minidev\accessors-smart\2.4.7\accessors-smart-2.4.7.jar;C:\Users\Karthik Rajan\.m2\repository\org\jboss\aerogear\aerogear-otp-java\1.0.0\aerogear-otp-java-1.0.0.jar;"/>
    <property name="java.vm.vendor" value="Oracle Corporation"/>
    <property name="sun.arch.data.model" value="64"/>
    <property name="user.variant" value=""/>
    <property name="java.vendor.url" value="https://java.oracle.com/"/>
    <property name="user.timezone" value="Asia/Calcutta"/>
    <property name="os.name" value="Windows 11"/>
    <property name="java.vm.specification.version" value="21"/>
    <property name="sun.java.launcher" value="SUN_STANDARD"/>
    <property name="user.country" value="IN"/>
    <property name="sun.boot.library.path" value="C:\Program Files\Java\jdk-21\bin"/>
    <property name="sun.java.command" value="C:\Users\Karthik Rajan\AppData\Local\Temp\surefire7868614639605702537\surefirebooter-20240114110106166_3.jar C:\Users\Karthik Rajan\AppData\Local\Temp\surefire7868614639605702537 2024-01-14T11-01-06_032-jvmRun1 surefire-20240114110106166_1tmp surefire_0-20240114110106166_2tmp"/>
    <property name="jdk.debug" value="release"/>
    <property name="surefire.test.class.path" value="G:\Selenium\WorkSpace\CICD\CICD Practice\target\test-classes;G:\Selenium\WorkSpace\CICD\CICD Practice\target\classes;C:\Users\Karthik Rajan\.m2\repository\junit\junit\4.13.2\junit-4.13.2.jar;C:\Users\Karthik Rajan\.m2\repository\org\hamcrest\hamcrest-core\1.3\hamcrest-core-1.3.jar;C:\Users\Karthik Rajan\.m2\repository\net\sourceforge\jexcelapi\jxl\2.6.12\jxl-2.6.12.jar;C:\Users\Karthik Rajan\.m2\repository\log4j\log4j\1.2.14\log4j-1.2.14.jar;C:\Users\Karthik Rajan\.m2\repository\io\appium\java-client\8.5.0\java-client-8.5.0.jar;C:\Users\Karthik Rajan\.m2\repository\org\seleniumhq\selenium\selenium-api\4.16.1\selenium-api-4.16.1.jar;C:\Users\Karthik Rajan\.m2\repository\org\seleniumhq\selenium\selenium-remote-driver\4.16.1\selenium-remote-driver-4.16.1.jar;C:\Users\Karthik Rajan\.m2\repository\com\google\auto\service\auto-service-annotations\1.1.1\auto-service-annotations-1.1.1.jar;C:\Users\Karthik Rajan\.m2\repository\io\opentelemetry\opentelemetry-api\1.28.0\opentelemetry-api-1.28.0.jar;C:\Users\Karthik Rajan\.m2\repository\io\opentelemetry\opentelemetry-context\1.28.0\opentelemetry-context-1.28.0.jar;C:\Users\Karthik Rajan\.m2\repository\io\opentelemetry\opentelemetry-exporter-logging\1.28.0\opentelemetry-exporter-logging-1.28.0.jar;C:\Users\Karthik Rajan\.m2\repository\io\opentelemetry\opentelemetry-sdk-metrics\1.28.0\opentelemetry-sdk-metrics-1.28.0.jar;C:\Users\Karthik Rajan\.m2\repository\io\opentelemetry\opentelemetry-extension-incubator\1.28.0-alpha\opentelemetry-extension-incubator-1.28.0-alpha.jar;C:\Users\Karthik Rajan\.m2\repository\io\opentelemetry\opentelemetry-sdk-logs\1.28.0\opentelemetry-sdk-logs-1.28.0.jar;C:\Users\Karthik Rajan\.m2\repository\io\opentelemetry\opentelemetry-sdk-common\1.28.0\opentelemetry-sdk-common-1.28.0.jar;C:\Users\Karthik Rajan\.m2\repository\io\opentelemetry\opentelemetry-sdk-extension-autoconfigure-spi\1.28.0\opentelemetry-sdk-extension-autoconfigure-spi-1.28.0.jar;C:\Users\Karthik Rajan\.m2\repository\io\opentelemetry\opentelemetry-sdk-extension-autoconfigure\1.28.0\opentelemetry-sdk-extension-autoconfigure-1.28.0.jar;C:\Users\Karthik Rajan\.m2\repository\io\opentelemetry\opentelemetry-api-events\1.28.0-alpha\opentelemetry-api-events-1.28.0-alpha.jar;C:\Users\Karthik Rajan\.m2\repository\io\opentelemetry\opentelemetry-sdk-trace\1.28.0\opentelemetry-sdk-trace-1.28.0.jar;C:\Users\Karthik Rajan\.m2\repository\io\opentelemetry\opentelemetry-sdk\1.28.0\opentelemetry-sdk-1.28.0.jar;C:\Users\Karthik Rajan\.m2\repository\io\opentelemetry\opentelemetry-semconv\1.28.0-alpha\opentelemetry-semconv-1.28.0-alpha.jar;C:\Users\Karthik Rajan\.m2\repository\net\bytebuddy\byte-buddy\1.14.5\byte-buddy-1.14.5.jar;C:\Users\Karthik Rajan\.m2\repository\org\seleniumhq\selenium\selenium-http\4.16.1\selenium-http-4.16.1.jar;C:\Users\Karthik Rajan\.m2\repository\dev\failsafe\failsafe\3.3.2\failsafe-3.3.2.jar;C:\Users\Karthik Rajan\.m2\repository\org\seleniumhq\selenium\selenium-json\4.16.1\selenium-json-4.16.1.jar;C:\Users\Karthik Rajan\.m2\repository\org\seleniumhq\selenium\selenium-manager\4.16.1\selenium-manager-4.16.1.jar;C:\Users\Karthik Rajan\.m2\repository\org\seleniumhq\selenium\selenium-os\4.16.1\selenium-os-4.16.1.jar;C:\Users\Karthik Rajan\.m2\repository\org\apache\commons\commons-exec\1.3\commons-exec-1.3.jar;C:\Users\Karthik Rajan\.m2\repository\org\seleniumhq\selenium\selenium-support\4.16.1\selenium-support-4.16.1.jar;C:\Users\Karthik Rajan\.m2\repository\com\google\code\gson\gson\2.10.1\gson-2.10.1.jar;C:\Users\Karthik Rajan\.m2\repository\cglib\cglib\3.3.0\cglib-3.3.0.jar;C:\Users\Karthik Rajan\.m2\repository\org\ow2\asm\asm\7.1\asm-7.1.jar;C:\Users\Karthik Rajan\.m2\repository\javax\mail\mail\1.5.0-b01\mail-1.5.0-b01.jar;C:\Users\Karthik Rajan\.m2\repository\javax\activation\activation\1.1.1\activation-1.1.1.jar;C:\Users\Karthik Rajan\.m2\repository\io\github\bonigarcia\webdrivermanager\5.5.3\webdrivermanager-5.5.3.jar;C:\Users\Karthik Rajan\.m2\repository\com\github\docker-java\docker-java\3.3.3\docker-java-3.3.3.jar;C:\Users\Karthik Rajan\.m2\repository\com\github\docker-java\docker-java-core\3.3.3\docker-java-core-3.3.3.jar;C:\Users\Karthik Rajan\.m2\repository\com\github\docker-java\docker-java-api\3.3.3\docker-java-api-3.3.3.jar;C:\Users\Karthik Rajan\.m2\repository\org\bouncycastle\bcpkix-jdk18on\1.75\bcpkix-jdk18on-1.75.jar;C:\Users\Karthik Rajan\.m2\repository\org\bouncycastle\bcprov-jdk18on\1.75\bcprov-jdk18on-1.75.jar;C:\Users\Karthik Rajan\.m2\repository\org\bouncycastle\bcutil-jdk18on\1.75\bcutil-jdk18on-1.75.jar;C:\Users\Karthik Rajan\.m2\repository\org\slf4j\jcl-over-slf4j\1.7.30\jcl-over-slf4j-1.7.30.jar;C:\Users\Karthik Rajan\.m2\repository\com\github\docker-java\docker-java-transport-httpclient5\3.3.3\docker-java-transport-httpclient5-3.3.3.jar;C:\Users\Karthik Rajan\.m2\repository\com\github\docker-java\docker-java-transport\3.3.3\docker-java-transport-3.3.3.jar;C:\Users\Karthik Rajan\.m2\repository\net\java\dev\jna\jna\5.12.1\jna-5.12.1.jar;C:\Users\Karthik Rajan\.m2\repository\org\brotli\dec\0.1.2\dec-0.1.2.jar;C:\Users\Karthik Rajan\.m2\repository\org\apache\httpcomponents\client5\httpclient5\5.2.1\httpclient5-5.2.1.jar;C:\Users\Karthik Rajan\.m2\repository\org\apache\httpcomponents\core5\httpcore5\5.2\httpcore5-5.2.jar;C:\Users\Karthik Rajan\.m2\repository\org\apache\httpcomponents\core5\httpcore5-h2\5.2\httpcore5-h2-5.2.jar;C:\Users\Karthik Rajan\.m2\repository\io\cucumber\cucumber-java\7.14.0\cucumber-java-7.14.0.jar;C:\Users\Karthik Rajan\.m2\repository\io\cucumber\cucumber-core\7.14.0\cucumber-core-7.14.0.jar;C:\Users\Karthik Rajan\.m2\repository\io\cucumber\cucumber-gherkin\7.14.0\cucumber-gherkin-7.14.0.jar;C:\Users\Karthik Rajan\.m2\repository\io\cucumber\cucumber-gherkin-messages\7.14.0\cucumber-gherkin-messages-7.14.0.jar;C:\Users\Karthik Rajan\.m2\repository\io\cucumber\gherkin\26.2.0\gherkin-26.2.0.jar;C:\Users\Karthik Rajan\.m2\repository\io\cucumber\messages\22.0.0\messages-22.0.0.jar;C:\Users\Karthik Rajan\.m2\repository\io\cucumber\tag-expressions\5.0.6\tag-expressions-5.0.6.jar;C:\Users\Karthik Rajan\.m2\repository\io\cucumber\cucumber-expressions\16.1.2\cucumber-expressions-16.1.2.jar;C:\Users\Karthik Rajan\.m2\repository\io\cucumber\datatable\7.14.0\datatable-7.14.0.jar;C:\Users\Karthik Rajan\.m2\repository\io\cucumber\cucumber-plugin\7.14.0\cucumber-plugin-7.14.0.jar;C:\Users\Karthik Rajan\.m2\repository\io\cucumber\docstring\7.14.0\docstring-7.14.0.jar;C:\Users\Karthik Rajan\.m2\repository\io\cucumber\html-formatter\20.4.0\html-formatter-20.4.0.jar;C:\Users\Karthik Rajan\.m2\repository\io\cucumber\junit-xml-formatter\0.2.0\junit-xml-formatter-0.2.0.jar;C:\Users\Karthik Rajan\.m2\repository\io\cucumber\ci-environment\9.2.0\ci-environment-9.2.0.jar;C:\Users\Karthik Rajan\.m2\repository\org\apiguardian\apiguardian-api\1.1.2\apiguardian-api-1.1.2.jar;C:\Users\Karthik Rajan\.m2\repository\com\aventstack\extentreports\5.1.0\extentreports-5.1.0.jar;C:\Users\Karthik Rajan\.m2\repository\io\reactivex\rxjava3\rxjava\3.1.6\rxjava-3.1.6.jar;C:\Users\Karthik Rajan\.m2\repository\org\reactivestreams\reactive-streams\1.0.4\reactive-streams-1.0.4.jar;C:\Users\Karthik Rajan\.m2\repository\org\freemarker\freemarker\2.3.32\freemarker-2.3.32.jar;C:\Users\Karthik Rajan\.m2\repository\org\testng\testng\7.8.0\testng-7.8.0.jar;C:\Users\Karthik Rajan\.m2\repository\com\beust\jcommander\1.82\jcommander-1.82.jar;C:\Users\Karthik Rajan\.m2\repository\org\webjars\jquery\3.6.1\jquery-3.6.1.jar;C:\Users\Karthik Rajan\.m2\repository\io\cucumber\cucumber-testng\7.14.0\cucumber-testng-7.14.0.jar;C:\Users\Karthik Rajan\.m2\repository\org\seleniumhq\selenium\selenium-java\4.16.0\selenium-java-4.16.0.jar;C:\Users\Karthik Rajan\.m2\repository\org\seleniumhq\selenium\selenium-chrome-driver\4.16.0\selenium-chrome-driver-4.16.0.jar;C:\Users\Karthik Rajan\.m2\repository\org\seleniumhq\selenium\selenium-chromium-driver\4.16.0\selenium-chromium-driver-4.16.0.jar;C:\Users\Karthik Rajan\.m2\repository\org\seleniumhq\selenium\selenium-devtools-v118\4.16.0\selenium-devtools-v118-4.16.0.jar;C:\Users\Karthik Rajan\.m2\repository\org\seleniumhq\selenium\selenium-devtools-v119\4.16.0\selenium-devtools-v119-4.16.0.jar;C:\Users\Karthik Rajan\.m2\repository\org\seleniumhq\selenium\selenium-devtools-v120\4.16.0\selenium-devtools-v120-4.16.0.jar;C:\Users\Karthik Rajan\.m2\repository\org\seleniumhq\selenium\selenium-devtools-v85\4.16.0\selenium-devtools-v85-4.16.0.jar;C:\Users\Karthik Rajan\.m2\repository\org\seleniumhq\selenium\selenium-edge-driver\4.16.0\selenium-edge-driver-4.16.0.jar;C:\Users\Karthik Rajan\.m2\repository\org\seleniumhq\selenium\selenium-firefox-driver\4.16.0\selenium-firefox-driver-4.16.0.jar;C:\Users\Karthik Rajan\.m2\repository\org\seleniumhq\selenium\selenium-ie-driver\4.16.0\selenium-ie-driver-4.16.0.jar;C:\Users\Karthik Rajan\.m2\repository\org\seleniumhq\selenium\selenium-safari-driver\4.16.0\selenium-safari-driver-4.16.0.jar;C:\Users\Karthik Rajan\.m2\repository\com\opencsv\opencsv\5.8\opencsv-5.8.jar;C:\Users\Karthik Rajan\.m2\repository\org\apache\commons\commons-text\1.10.0\commons-text-1.10.0.jar;C:\Users\Karthik Rajan\.m2\repository\commons-beanutils\commons-beanutils\1.9.4\commons-beanutils-1.9.4.jar;C:\Users\Karthik Rajan\.m2\repository\org\apache\poi\poi\5.2.5\poi-5.2.5.jar;C:\Users\Karthik Rajan\.m2\repository\commons-codec\commons-codec\1.16.0\commons-codec-1.16.0.jar;C:\Users\Karthik Rajan\.m2\repository\org\apache\commons\commons-math3\3.6.1\commons-math3-3.6.1.jar;C:\Users\Karthik Rajan\.m2\repository\com\zaxxer\SparseBitSet\1.3\SparseBitSet-1.3.jar;C:\Users\Karthik Rajan\.m2\repository\org\apache\poi\poi-ooxml\5.2.3\poi-ooxml-5.2.3.jar;C:\Users\Karthik Rajan\.m2\repository\org\apache\poi\poi-ooxml-lite\5.2.3\poi-ooxml-lite-5.2.3.jar;C:\Users\Karthik Rajan\.m2\repository\org\apache\xmlbeans\xmlbeans\5.1.1\xmlbeans-5.1.1.jar;C:\Users\Karthik Rajan\.m2\repository\org\apache\commons\commons-compress\1.21\commons-compress-1.21.jar;C:\Users\Karthik Rajan\.m2\repository\com\github\virtuald\curvesapi\1.07\curvesapi-1.07.jar;C:\Users\Karthik Rajan\.m2\repository\org\apache\commons\commons-lang3\3.14.0\commons-lang3-3.14.0.jar;C:\Users\Karthik Rajan\.m2\repository\org\apache\commons\commons-collections4\4.4\commons-collections4-4.4.jar;C:\Users\Karthik Rajan\.m2\repository\commons-validator\commons-validator\1.7\commons-validator-1.7.jar;C:\Users\Karthik Rajan\.m2\repository\commons-digester\commons-digester\2.1\commons-digester-2.1.jar;C:\Users\Karthik Rajan\.m2\repository\commons-logging\commons-logging\1.2\commons-logging-1.2.jar;C:\Users\Karthik Rajan\.m2\repository\commons-collections\commons-collections\3.2.2\commons-collections-3.2.2.jar;C:\Users\Karthik Rajan\.m2\repository\commons-io\commons-io\2.14.0\commons-io-2.14.0.jar;C:\Users\Karthik Rajan\.m2\repository\org\slf4j\slf4j-api\2.1.0-alpha1\slf4j-api-2.1.0-alpha1.jar;C:\Users\Karthik Rajan\.m2\repository\org\slf4j\slf4j-simple\2.1.0-alpha1\slf4j-simple-2.1.0-alpha1.jar;C:\Users\Karthik Rajan\.m2\repository\org\apache\logging\log4j\log4j-core\3.0.0-beta1\log4j-core-3.0.0-beta1.jar;C:\Users\Karthik Rajan\.m2\repository\org\apache\logging\log4j\log4j-plugins\3.0.0-beta1\log4j-plugins-3.0.0-beta1.jar;C:\Users\Karthik Rajan\.m2\repository\org\apache\logging\log4j\log4j-api\3.0.0-beta1\log4j-api-3.0.0-beta1.jar;C:\Users\Karthik Rajan\.m2\repository\com\assertthat\selenium-shutterbug\1.6\selenium-shutterbug-1.6.jar;C:\Users\Karthik Rajan\.m2\repository\com\github\zafarkhaja\java-semver\0.9.0\java-semver-0.9.0.jar;C:\Users\Karthik Rajan\.m2\repository\io\rest-assured\rest-assured\5.3.0\rest-assured-5.3.0.jar;C:\Users\Karthik Rajan\.m2\repository\org\apache\groovy\groovy\4.0.6\groovy-4.0.6.jar;C:\Users\Karthik Rajan\.m2\repository\org\apache\groovy\groovy-xml\4.0.6\groovy-xml-4.0.6.jar;C:\Users\Karthik Rajan\.m2\repository\org\apache\httpcomponents\httpclient\4.5.13\httpclient-4.5.13.jar;C:\Users\Karthik Rajan\.m2\repository\org\apache\httpcomponents\httpcore\4.4.13\httpcore-4.4.13.jar;C:\Users\Karthik Rajan\.m2\repository\org\apache\httpcomponents\httpmime\4.5.13\httpmime-4.5.13.jar;C:\Users\Karthik Rajan\.m2\repository\org\hamcrest\hamcrest\2.1\hamcrest-2.1.jar;C:\Users\Karthik Rajan\.m2\repository\org\ccil\cowan\tagsoup\tagsoup\1.2.1\tagsoup-1.2.1.jar;C:\Users\Karthik Rajan\.m2\repository\io\rest-assured\xml-path\5.3.0\xml-path-5.3.0.jar;C:\Users\Karthik Rajan\.m2\repository\org\projectlombok\lombok\1.18.26\lombok-1.18.26.jar;C:\Users\Karthik Rajan\.m2\repository\io\rest-assured\json-schema-validator\5.3.0\json-schema-validator-5.3.0.jar;C:\Users\Karthik Rajan\.m2\repository\com\github\java-json-tools\json-schema-validator\2.2.14\json-schema-validator-2.2.14.jar;C:\Users\Karthik Rajan\.m2\repository\com\github\java-json-tools\jackson-coreutils-equivalence\1.0\jackson-coreutils-equivalence-1.0.jar;C:\Users\Karthik Rajan\.m2\repository\com\github\java-json-tools\jackson-coreutils\2.0\jackson-coreutils-2.0.jar;C:\Users\Karthik Rajan\.m2\repository\com\github\java-json-tools\msg-simple\1.2\msg-simple-1.2.jar;C:\Users\Karthik Rajan\.m2\repository\com\github\java-json-tools\btf\1.3\btf-1.3.jar;C:\Users\Karthik Rajan\.m2\repository\com\github\java-json-tools\json-schema-core\1.2.14\json-schema-core-1.2.14.jar;C:\Users\Karthik Rajan\.m2\repository\com\github\java-json-tools\uri-template\0.10\uri-template-0.10.jar;C:\Users\Karthik Rajan\.m2\repository\org\mozilla\rhino\1.7.7.2\rhino-1.7.7.2.jar;C:\Users\Karthik Rajan\.m2\repository\com\sun\mail\mailapi\1.6.2\mailapi-1.6.2.jar;C:\Users\Karthik Rajan\.m2\repository\joda-time\joda-time\2.10.5\joda-time-2.10.5.jar;C:\Users\Karthik Rajan\.m2\repository\com\googlecode\libphonenumber\libphonenumber\8.11.1\libphonenumber-8.11.1.jar;C:\Users\Karthik Rajan\.m2\repository\net\sf\jopt-simple\jopt-simple\5.0.4\jopt-simple-5.0.4.jar;C:\Users\Karthik Rajan\.m2\repository\io\rest-assured\json-path\5.3.0\json-path-5.3.0.jar;C:\Users\Karthik Rajan\.m2\repository\org\apache\groovy\groovy-json\4.0.6\groovy-json-4.0.6.jar;C:\Users\Karthik Rajan\.m2\repository\io\rest-assured\rest-assured-common\5.3.0\rest-assured-common-5.3.0.jar;C:\Users\Karthik Rajan\.m2\repository\com\googlecode\json-simple\json-simple\1.1.1\json-simple-1.1.1.jar;C:\Users\Karthik Rajan\.m2\repository\org\json\json\20220924\json-20220924.jar;C:\Users\Karthik Rajan\.m2\repository\com\google\guava\guava\32.1.2-jre\guava-32.1.2-jre.jar;C:\Users\Karthik Rajan\.m2\repository\com\google\guava\failureaccess\1.0.1\failureaccess-1.0.1.jar;C:\Users\Karthik Rajan\.m2\repository\com\google\guava\listenablefuture\9999.0-empty-to-avoid-conflict-with-guava\listenablefuture-9999.0-empty-to-avoid-conflict-with-guava.jar;C:\Users\Karthik Rajan\.m2\repository\com\google\code\findbugs\jsr305\3.0.2\jsr305-3.0.2.jar;C:\Users\Karthik Rajan\.m2\repository\org\checkerframework\checker-qual\3.33.0\checker-qual-3.33.0.jar;C:\Users\Karthik Rajan\.m2\repository\com\google\errorprone\error_prone_annotations\2.18.0\error_prone_annotations-2.18.0.jar;C:\Users\Karthik Rajan\.m2\repository\com\google\j2objc\j2objc-annotations\2.8\j2objc-annotations-2.8.jar;C:\Users\Karthik Rajan\.m2\repository\com\fasterxml\jackson\core\jackson-databind\2.14.2\jackson-databind-2.14.2.jar;C:\Users\Karthik Rajan\.m2\repository\com\fasterxml\jackson\core\jackson-annotations\2.14.2\jackson-annotations-2.14.2.jar;C:\Users\Karthik Rajan\.m2\repository\com\fasterxml\jackson\core\jackson-core\2.14.2\jackson-core-2.14.2.jar;C:\Users\Karthik Rajan\.m2\repository\com\jayway\jsonpath\json-path\2.7.0\json-path-2.7.0.jar;C:\Users\Karthik Rajan\.m2\repository\net\minidev\json-smart\2.4.7\json-smart-2.4.7.jar;C:\Users\Karthik Rajan\.m2\repository\net\minidev\accessors-smart\2.4.7\accessors-smart-2.4.7.jar;C:\Users\Karthik Rajan\.m2\repository\org\jboss\aerogear\aerogear-otp-java\1.0.0\aerogear-otp-java-1.0.0.jar;"/>
    <property name="sun.cpu.endian" value="little"/>
    <property name="user.home" value="C:\Users\Karthik Rajan"/>
    <property name="user.language" value="en"/>
    <property name="java.specification.vendor" value="Oracle Corporation"/>
    <property name="java.version.date" value="2023-10-17"/>
    <property name="java.home" value="C:\Program Files\Java\jdk-21"/>
    <property name="file.separator" value="\"/>
    <property name="basedir" value="G:\Selenium\WorkSpace\CICD\CICD Practice"/>
    <property name="style.color" value="always"/>
    <property name="java.vm.compressedOopsMode" value="32-bit"/>
    <property name="line.separator" value="&#10;"/>
    <property name="java.vm.specification.vendor" value="Oracle Corporation"/>
    <property name="java.specification.name" value="Java Platform API Specification"/>
    <property name="surefire.real.class.path" value="C:\Users\Karthik Rajan\AppData\Local\Temp\surefire7868614639605702537\surefirebooter-20240114110106166_3.jar"/>
    <property name="user.script" value=""/>
    <property name="sun.management.compiler" value="HotSpot 64-Bit Tiered Compilers"/>
    <property name="java.runtime.version" value="21.0.1+12-LTS-29"/>
    <property name="user.name" value="Karthik Rajan"/>
    <property name="stdout.encoding" value="Cp1252"/>
    <property name="path.separator" value=";"/>
    <property name="os.version" value="10.0"/>
    <property name="java.runtime.name" value="Java(TM) SE Runtime Environment"/>
    <property name="file.encoding" value="UTF-8"/>
    <property name="java.vm.name" value="Java HotSpot(TM) 64-Bit Server VM"/>
    <property name="localRepository" value="C:\Users\Karthik Rajan\.m2\repository"/>
    <property name="java.vendor.url.bug" value="https://bugreport.java.com/bugreport/"/>
    <property name="java.io.tmpdir" value="C:\Users\KARTHI~1\AppData\Local\Temp\"/>
    <property name="java.version" value="21.0.1"/>
    <property name="user.dir" value="G:\Selenium\WorkSpace\CICD\CICD Practice"/>
    <property name="os.arch" value="amd64"/>
    <property name="java.vm.specification.name" value="Java Virtual Machine Specification"/>
    <property name="sun.os.patch.level" value=""/>
    <property name="native.encoding" value="Cp1252"/>
    <property name="java.library.path" value="C:\Program Files\Java\jdk-21\bin;C:\WINDOWS\Sun\Java\bin;C:\WINDOWS\system32;C:\WINDOWS;G:/Selenium/eclipse//plugins/org.eclipse.justj.openjdk.hotspot.jre.full.win32.x86_64_21.0.1.v20231028-0937/jre/bin/server;G:/Selenium/eclipse//plugins/org.eclipse.justj.openjdk.hotspot.jre.full.win32.x86_64_21.0.1.v20231028-0937/jre/bin;C:\Program Files\Common Files\Oracle\Java\javapath;C:\Windows\system32;C:\Windows;C:\Windows\System32\Wbem;C:\Windows\System32\WindowsPowerShell\v1.0\;C:\Windows\System32\OpenSSH\;C:\windows\system32;C:\windows;C:\windows\System32\Wbem;C:\windows\System32\WindowsPowerShell\v1.0\;C:\windows\System32\OpenSSH\;C:\Program Files\dotnet\;C:\Program Files (x86)\Java\jdk1.8.0\bin;C:\Program Files (x86)\NVIDIA Corporation\PhysX\Common;C:\Program Files\Java\jdk1.8.0\bin;C:\Program Files\NVIDIA Corporation\NVIDIA NvDLISR;C:\WINDOWS\system32;C:\WINDOWS;C:\WINDOWS\System32\Wbem;C:\WINDOWS\System32\WindowsPowerShell\v1.0\;C:\WINDOWS\System32\OpenSSH\;C:\Program Files\Java\jdk-17\bin;C:\Program Files\Git\cmd;C:\Program Files\TortoiseGit\bin;C:\Users\Karthik Rajan\AppData\Local\Microsoft\WindowsApps;G:\Selenium\eclipse;;."/>
    <property name="java.vm.info" value="mixed mode, sharing"/>
    <property name="stderr.encoding" value="Cp1252"/>
    <property name="java.vendor" value="Oracle Corporation"/>
    <property name="java.vm.version" value="21.0.1+12-LTS-29"/>
    <property name="sun.io.unicode.encoding" value="UnicodeLittle"/>
    <property name="java.class.version" value="65.0"/>
  </properties>
  <testcase name="runScenario[&quot;SC01&quot;, &quot;To check the full flow functionality of SwagLabs order placement&quot;](1)" classname="basePackage.runner.TestRunner" time="19.663">
    <system-out><![CDATA[=========================================On Execution Start=========================================
AppName is : BDD FrameWork
TestNg Suite Name is: Development_Suite
CICD Run is: N
Existing reports will get deleted
Report is generated in G:\Selenium\Framework_Reports\BDD_Framework\Latest_Results\Reports\DetailedReport\\Complete Report.html
Extent Report location initialized . . .
System Info. set in Extent Report
Test Name is: ChromeTest Browser Name is: Chrome
====Browser is CHROME ====
DownloadPath: G:\Selenium\Framework_Reports\BDD_Framework\Latest_Results
Browser Launch using Selenium Manager
LogFile is : G:\Selenium\Framework_Reports\BDD_Framework\Latest_Results\Reports\Logs\TestRunner_ChromeTest_01_14_2024_110110
[INFO ] 2024-01-14 11:01:11.532 - basePackage.utilities.MyLogger:startTest 46==>  

************** Runner Started : TestRunner_ChromeTest**************


@swagLabFullFlow
Scenario Outline: SC01                                        # src/test/java/basePackage/features/SwagLabs/basiFlow.feature:12
[INFO ] 2024-01-14 11:01:11.687 - basePackage.steps.StepDefinitions:startScenario 34==>  
[INFO ] 2024-01-14 11:01:11.688 - basePackage.steps.StepDefinitions:startScenario 35==>  
[INFO ] 2024-01-14 11:01:11.689 - basePackage.steps.StepDefinitions:startScenario 37==>  ******Start Scenario: SC01 [@swagLabFullFlow] : CHROME  35 ******
[INFO ] 2024-01-14 11:01:11.695 - basePackage.steps.StepDefinitions:beforeStep 43==>  
[INFO ] 2024-01-14 11:01:11.696 - basePackage.steps.StepDefinitions:beforeStep 44==>  ======Start Step: User launches the browser with "swagLabs_URL" website : CHROME 35 =====
[INFO ] 2024-01-14 11:01:23.829 - basePackage.steps.ExecutionMethods:userLoadsURL 21==>  Launched URL: https://www.saucedemo.com/
[INFO ] 2024-01-14 11:01:23.964 - basePackage.steps.StepDefinitions:afterStep 54==>  ======End Step: User launches the browser with "swagLabs_URL" website : CHROME 35 =====
[INFO ] 2024-01-14 11:01:23.967 - basePackage.utilities.ExtentReportListener:logResult 138==>  SUCCESS--> User launches the browser with "swagLabs_URL" website
  Given User launches the browser with "swagLabs_URL" website # basePackage.steps.StepDefinitions.user_launches_the_browser_with_website(java.lang.String)
[INFO ] 2024-01-14 11:01:23.971 - basePackage.steps.StepDefinitions:beforeStep 43==>  
[INFO ] 2024-01-14 11:01:23.973 - basePackage.steps.StepDefinitions:beforeStep 44==>  ======Start Step: User login into the swagLabs Portal : CHROME 35 =====
Out of 1 rows, SC01 is present in row number 1
Out of 5 columns, the title LogIn Credentials is present in column number 1
[INFO ] 2024-01-14 11:01:24.579 - basePackage.steps.CommonFunctions:click 582==>  Clicked on Sel_swagLabs_userName using selenium
The attribure key is: UserName
[INFO ] 2024-01-14 11:01:24.941 - basePackage.steps.CommonFunctions:entersValue 725==>  Entered value standard_user in Sel_swagLabs_userName using send keys
[INFO ] 2024-01-14 11:01:25.264 - basePackage.steps.CommonFunctions:click 582==>  Clicked on Sel_swagLabs_passWord using selenium
The attribure key is: Password
[INFO ] 2024-01-14 11:01:25.626 - basePackage.steps.CommonFunctions:entersValue 725==>  Entered value secret_sauce in Sel_swagLabs_passWord using send keys
[INFO ] 2024-01-14 11:01:26.023 - basePackage.steps.CommonFunctions:click 582==>  Clicked on Sel_swagLabs_logInButton using selenium
[INFO ] 2024-01-14 11:01:26.200 - basePackage.steps.StepDefinitions:afterStep 54==>  ======End Step: User login into the swagLabs Portal : CHROME 35 =====
[INFO ] 2024-01-14 11:01:26.203 - basePackage.utilities.ExtentReportListener:logResult 138==>  SUCCESS--> User login into the swagLabs Portal
  And User login into the swagLabs Portal                     # basePackage.steps.StepDefinitions.user_login_into_the_swag_labs_portal()
[INFO ] 2024-01-14 11:01:26.204 - basePackage.steps.StepDefinitions:beforeStep 43==>  
[INFO ] 2024-01-14 11:01:26.205 - basePackage.steps.StepDefinitions:beforeStep 44==>  ======Start Step: User proceeding with an order : CHROME 35 =====
Out of 1 rows, SC01 is present in row number 1
Out of 5 columns, the title Products is present in column number 2
[INFO ] 2024-01-14 11:01:26.565 - basePackage.steps.CommonFunctions:click 582==>  Clicked on Sel_swagLabs_homePage_sortByDD using selenium
The attribure key is: Sortby
[INFO ] 2024-01-14 11:01:27.028 - basePackage.steps.CommonFunctions:clickDynamic 628==>  Clicked dynamically on Sel_sortBy_Option using Selenium
Out of 1 rows, SC01 is present in row number 1
Out of 5 columns, the title Products is present in column number 2
The attribure key is: Total Products
The attribure key is: ProductName1
[INFO ] 2024-01-14 11:01:27.501 - basePackage.steps.CommonFunctions:clickDynamic 628==>  Clicked dynamically on Sel_select_ProductToCart for Sauce Labs Bolt T-Shirt using Selenium
The attribure key is: ProductName2
[INFO ] 2024-01-14 11:01:27.937 - basePackage.steps.CommonFunctions:clickDynamic 628==>  Clicked dynamically on Sel_select_ProductToCart for Sauce Labs Fleece Jacket using Selenium
[INFO ] 2024-01-14 11:01:28.380 - basePackage.steps.CommonFunctions:click 582==>  Clicked on Sel_swagLabs_cartButton using selenium
[INFO ] 2024-01-14 11:01:28.783 - basePackage.steps.CommonFunctions:click 582==>  Clicked on Sel_swagLabs_yourCart_checkOut_button using selenium
Out of 1 rows, SC01 is present in row number 1
Out of 5 columns, the title CheckOut is present in column number 3
The attribure key is: FirstName
[INFO ] 2024-01-14 11:01:29.281 - basePackage.steps.CommonFunctions:entersValue 725==>  Entered value Test in Sel_swagLabs_checkOut_info_firstName using send keys
The attribure key is: LastName
[INFO ] 2024-01-14 11:01:29.686 - basePackage.steps.CommonFunctions:entersValue 725==>  Entered value Automation in Sel_swagLabs_checkOut_info_lastName using send keys
The attribure key is: PostCode
[INFO ] 2024-01-14 11:01:30.035 - basePackage.steps.CommonFunctions:entersValue 725==>  Entered value 632012 in Sel_swagLabs_checkOut_info_postalCode using send keys
[INFO ] 2024-01-14 11:01:30.356 - basePackage.steps.CommonFunctions:click 582==>  Clicked on Sel_swagLabs_checkOut_info_continueBtn using selenium
Out of 1 rows, SC01 is present in row number 1
Out of 5 columns, the title CheckOut is present in column number 3
[INFO ] 2024-01-14 11:01:30.724 - basePackage.steps.CommonFunctions:getText 528==>  Value fetched on Sel_swagLabs_checkOut_overView_totalValue using selenium. And the value is Total: $71.26
Total: $71.26
The current value inside excel is: Total: $71.26
Current writeValue is: Total: $71.26
The updated value is: Total: $71.26
[INFO ] 2024-01-14 11:01:31.114 - basePackage.steps.CommonFunctions:click 582==>  Clicked on Sel_swagLabs_checkOut_overView_finish_button using selenium
[INFO ] 2024-01-14 11:01:31.256 - basePackage.steps.StepDefinitions:afterStep 54==>  ======End Step: User proceeding with an order : CHROME 35 =====
[INFO ] 2024-01-14 11:01:31.256 - basePackage.utilities.ExtentReportListener:logResult 138==>  SUCCESS--> User proceeding with an order
  Then User proceeding with an order                          # basePackage.steps.StepDefinitions.user_proceeding_with_an_order()
[INFO ] 2024-01-14 11:01:31.257 - basePackage.steps.StepDefinitions:closeScenario 74==>  ******End Scenario: SC01 : CHROME  35******
==========Scenario Status PASSED================
]]></system-out>
    <system-err><![CDATA[SLF4J(I): Connected with provider of type [org.slf4j.simple.SimpleServiceProvider]
[main] WARN org.testng.xml.TestNGContentHandler - It is strongly recommended to add "<!DOCTYPE suite SYSTEM "https://testng.org/testng-1.0.dtd" >" at the top of the suite file [G:\Selenium\WorkSpace\CICD\CICD Practice\src\test\resources\TestNG\testng.xml] otherwise TestNG may fail or not work as expected.
]]></system-err>
  </testcase>
</testsuite>