<?xml version="1.0" encoding="UTF-8"?>
<!-- Generated by org.testng.reporters.JUnitReportReporter -->
<testsuite hostname="LAPTOP-N6HAG64B" failures="0" tests="1" name="basePackage.runner.TestRunner" time="11.668" errors="0" timestamp="2024-02-27T04:39:50 IST" skipped="0">
  <testcase classname="basePackage.runner.TestRunner" name="runScenario" time="11.668"/>
</testsuite> <!-- basePackage.runner.TestRunner -->
