<?xml version="1.0" encoding="UTF-8"?>
<!-- Generated by org.testng.reporters.JUnitReportReporter -->
<testsuite hostname="LAPTOP-N6HAG64B" failures="0" tests="1" name="basePackage.runner.TestRunner" time="19.662" errors="0" timestamp="2024-01-14T11:01:37 IST" skipped="0">
  <testcase classname="basePackage.runner.TestRunner" name="runScenario" time="19.662"/>
</testsuite> <!-- basePackage.runner.TestRunner -->
